2023-05-11 17:00:42,122  INFO [main] Log4j:14 - url :https://playtowin.club/
2023-05-11 17:00:49,123  INFO [main] Log4j:14 - username :Pratikshatest
2023-05-11 17:00:49,127  INFO [main] Log4j:14 - password :Pratiksha@789
2023-05-11 17:01:18,012  INFO [main] Log4j:14 - username :pratikshaqa
2023-05-11 17:01:18,015  INFO [main] Log4j:14 - password :Password@12
2023-05-12 09:56:13,212  INFO [main] Log4j:14 - url :https://playtowin.club/
2023-05-12 09:56:20,781  INFO [main] Log4j:14 - username :Pratikshatest
2023-05-12 09:56:20,785  INFO [main] Log4j:14 - password :Pratiksha@789
2023-05-12 09:56:48,914  INFO [main] Log4j:14 - username :@45wohlig
2023-05-12 09:56:48,916  INFO [main] Log4j:14 - password :Asdfgh@j345678
2023-05-12 09:57:14,443  INFO [main] Log4j:14 - username :pratikshav1
2023-05-12 09:57:14,445  INFO [main] Log4j:14 - password :Password@1234
2023-05-12 09:57:41,266  INFO [main] Log4j:14 - username :pratikshaqa
2023-05-12 09:57:41,268  INFO [main] Log4j:14 - password :Password@12
2023-05-15 10:49:20,467  INFO [main] Log4j:14 - url :https://playtowin.club/
2023-05-15 10:49:27,717  INFO [main] Log4j:14 - username :Pratikshatest
2023-05-15 10:49:27,721  INFO [main] Log4j:14 - password :Pratiksha@789
2023-05-15 10:49:55,563  INFO [main] Log4j:14 - username :@45wohlig
2023-05-15 10:49:55,565  INFO [main] Log4j:14 - password :Asdfgh@j345678
2023-05-15 10:50:21,219  INFO [main] Log4j:14 - username :pratikshav1
2023-05-15 10:50:21,220  INFO [main] Log4j:14 - password :Password@1234
2023-05-15 10:50:46,350  INFO [main] Log4j:14 - username :pratikshaqa
2023-05-15 10:50:46,354  INFO [main] Log4j:14 - password :Password@12
2023-05-15 11:46:48,729  INFO [main] Log4j:14 - url :https://playtowin.club/
2023-05-15 11:46:56,223  INFO [main] Log4j:14 - username :Pratikshatest
2023-05-15 11:46:56,227  INFO [main] Log4j:14 - password :Pratiksha@789
2023-05-15 11:47:23,901  INFO [main] Log4j:14 - username :@45wohlig
2023-05-15 11:47:23,903  INFO [main] Log4j:14 - password :Asdfgh@j345678
2023-05-15 11:47:49,758  INFO [main] Log4j:14 - username :pratikshav1
2023-05-15 11:47:49,761  INFO [main] Log4j:14 - password :Password@1234
2023-05-15 11:48:17,401  INFO [main] Log4j:14 - username :pratikshaqa
2023-05-15 11:48:17,405  INFO [main] Log4j:14 - password :Password@12
2023-05-24 14:18:54,003  INFO [main] Log4j:14 - url :https://playtowin.club/
2023-05-24 14:19:02,590  INFO [main] Log4j:14 - username :Pratikshatest
2023-05-24 14:19:02,597  INFO [main] Log4j:14 - password :Pratiksha@789
2023-05-24 14:19:32,279  INFO [main] Log4j:14 - username :@45wohlig
2023-05-24 14:19:32,281  INFO [main] Log4j:14 - password :Asdfgh@j345678
2023-05-24 14:19:59,187  INFO [main] Log4j:14 - username :pratikshav1
2023-05-24 14:19:59,189  INFO [main] Log4j:14 - password :Password@1234
2023-05-24 14:20:24,412  INFO [main] Log4j:14 - username :pratikshaqa
2023-05-24 14:20:24,415  INFO [main] Log4j:14 - password :Password@12
2023-05-31 15:23:06,308  INFO [main] Log4j:14 - url :https://playtowin.club/
2023-05-31 15:23:17,190  INFO [main] Log4j:14 - username :Pratikshatest
2023-05-31 15:23:17,195  INFO [main] Log4j:14 - password :Pratiksha@789
2023-05-31 15:23:35,570  INFO [main] Log4j:14 - username :@45wohlig
2023-05-31 15:23:35,574  INFO [main] Log4j:14 - password :Asdfgh@j345678
2023-05-31 15:23:50,511  INFO [main] Log4j:14 - username :pratikshav1
2023-05-31 15:23:50,514  INFO [main] Log4j:14 - password :Password@1234
2023-05-31 15:24:06,146  INFO [main] Log4j:14 - username :darshan16
2023-05-31 15:24:06,148  INFO [main] Log4j:14 - password :Password@123
2023-06-27 11:43:27,735  INFO [main] Log4j:14 - url :https://playtowin.club/
2023-06-27 11:43:38,109  INFO [main] Log4j:14 - username :Pratikshatest
2023-06-27 11:43:38,112  INFO [main] Log4j:14 - password :Pratiksha@789
2023-06-27 11:43:57,163  INFO [main] Log4j:14 - username :@45wohlig
2023-06-27 11:43:57,166  INFO [main] Log4j:14 - password :Asdfgh@j345678
2023-06-27 11:44:13,762  INFO [main] Log4j:14 - username :pratikshav1
2023-06-27 11:44:13,766  INFO [main] Log4j:14 - password :Password@1234
2023-06-27 11:44:29,552  INFO [main] Log4j:14 - username :pratikshaqa
2023-06-27 11:44:29,556  INFO [main] Log4j:14 - password :Password@12
2023-06-28 11:03:11,500  INFO [main] Log4j:14 - url :https://playtowin.club/
2023-06-28 11:04:07,599  INFO [main] Log4j:14 - username :pratikshaqa
2023-06-28 11:04:07,602  INFO [main] Log4j:14 - password :Password@553
2023-06-28 11:13:31,448  INFO [main] Log4j:14 - url :https://playtowin.club/
2023-06-28 11:14:29,169  INFO [main] Log4j:14 - username :pratikshaqa
2023-06-28 11:14:29,173  INFO [main] Log4j:14 - password :Password@553
2023-06-28 11:19:27,452  INFO [main] Log4j:14 - url :https://playtowin.club/
2023-06-28 11:20:24,650  INFO [main] Log4j:14 - username :pratikshaqa
2023-06-28 11:20:24,657  INFO [main] Log4j:14 - password :Password@553
2023-06-29 11:41:23,135  INFO [main] Log4j:14 - url :https://playtowin.club/
2023-06-29 11:42:21,149  INFO [main] Log4j:14 - username :pratikshaqa
2023-06-29 11:42:21,152  INFO [main] Log4j:14 - password :Password@902
2023-06-29 15:43:47,733  INFO [main] Log4j:14 - url :https://playtowin.club/
2023-07-10 11:10:35,487  INFO [main] Log4j:14 - url :https://playtowin.club/
2023-07-10 11:11:16,405  INFO [main] Log4j:14 - username :pratikshaqa
2023-07-10 11:11:16,406  INFO [main] Log4j:14 - password :Password@123
2023-07-10 11:27:19,442  INFO [main] Log4j:14 - url :https://playtowin.club/
2023-07-10 11:28:00,478  INFO [main] Log4j:14 - username :pratikshaqa
2023-07-10 11:28:00,479  INFO [main] Log4j:14 - password :Password@123
2023-08-07 11:07:35,858  INFO [main] Log4j:14 - url :https://playtowin.club/
2023-08-07 11:08:17,371  INFO [main] Log4j:14 - username :pratikshaqa
2023-08-07 11:08:17,373  INFO [main] Log4j:14 - password :Password@123
2023-08-08 15:16:18,699  INFO [main] Log4j:14 - url :https://playtowin.club/
2023-08-08 15:17:03,749  INFO [main] Log4j:14 - username :pratikshaqa
2023-08-08 15:17:03,750  INFO [main] Log4j:14 - password :Password@123
2023-08-08 15:30:03,527  INFO [main] Log4j:14 - url :https://playtowin.club/
2023-08-08 15:30:48,103  INFO [main] Log4j:14 - username :pratikshaqa
2023-08-08 15:30:48,106  INFO [main] Log4j:14 - password :Password@123
2023-08-08 17:42:05,341  INFO [main] Log4j:14 - url :https://playtowin.club/
2023-08-08 17:42:47,156  INFO [main] Log4j:14 - username :pratikshaqa
2023-08-08 17:42:47,158  INFO [main] Log4j:14 - password :Password@123
2023-08-08 17:55:55,130  INFO [main] Log4j:14 - url :https://playtowin.club/
2023-08-08 17:56:36,815  INFO [main] Log4j:14 - username :pratikshaqa
2023-08-08 17:56:36,817  INFO [main] Log4j:14 - password :Password@123
2023-08-08 18:15:22,710  INFO [main] Log4j:14 - url :https://playtowin.club/
2023-08-08 18:16:06,717  INFO [main] Log4j:14 - username :pratikshaqa
2023-08-08 18:16:06,720  INFO [main] Log4j:14 - password :Password@123
2023-08-08 18:20:47,063  INFO [main] Log4j:14 - url :https://playtowin.club/
2023-08-08 18:21:28,554  INFO [main] Log4j:14 - username :pratikshaqa
2023-08-08 18:21:28,557  INFO [main] Log4j:14 - password :Password@123
2023-08-08 18:28:46,977  INFO [main] Log4j:14 - url :https://playexch.co/
2023-08-08 18:29:27,924  INFO [main] Log4j:14 - username :wohl1234
2023-08-08 18:29:27,926  INFO [main] Log4j:14 - password :Password@161
2023-08-08 18:33:02,258  INFO [main] Log4j:14 - url :https://playexch.co/
2023-08-08 18:33:43,039  INFO [main] Log4j:14 - username :wohl1234
2023-08-08 18:33:43,041  INFO [main] Log4j:14 - password :Password@161
2023-08-08 18:35:16,796  INFO [main] Log4j:14 - url :https://playexch.co/
2023-08-08 18:35:57,593  INFO [main] Log4j:14 - username :wohl1234
2023-08-08 18:35:57,597  INFO [main] Log4j:14 - password :Password@123
2023-08-09 10:26:31,952  INFO [main] Log4j:14 - url :https://playtowin.club/
2023-08-09 10:27:13,514  INFO [main] Log4j:14 - username :pratikshaqa
2023-08-09 10:27:13,515  INFO [main] Log4j:14 - password :Password@123
2023-08-09 10:29:40,251  INFO [main] Log4j:14 - url :https://playexch.co/
2023-08-09 10:30:21,325  INFO [main] Log4j:14 - username :wohl1234
2023-08-09 10:30:21,327  INFO [main] Log4j:14 - password :Password@123
2023-08-09 15:39:24,860  INFO [main] Log4j:14 - url :https://playexch.co/
2023-08-09 15:40:05,693  INFO [main] Log4j:14 - username :wohl1234
2023-08-09 15:40:05,696  INFO [main] Log4j:14 - password :Password@123
2023-08-10 14:13:49,186  INFO [main] Log4j:14 - url :https://playexch.co/
2023-08-10 14:14:30,045  INFO [main] Log4j:14 - username :wohl1234
2023-08-10 14:14:30,047  INFO [main] Log4j:14 - password :Password@123
2023-08-17 14:23:50,657  INFO [main] Log4j:14 - url :https://playexch.co/
2023-08-17 14:24:31,216  INFO [main] Log4j:14 - username :wohl1234
2023-08-17 14:24:31,217  INFO [main] Log4j:14 - password :Password@748
2023-08-21 12:39:23,702  INFO [main] Log4j:14 - url :https://playexch.co/
2023-08-21 12:40:04,561  INFO [main] Log4j:14 - username :wohl1234
2023-08-21 12:40:04,563  INFO [main] Log4j:14 - password :Password@170
2023-08-21 19:33:35,378  INFO [main] Log4j:14 - url :https://77exch.com/login
2023-08-21 19:34:15,866  INFO [main] Log4j:14 - username :testerrocks
2023-08-21 19:34:15,867  INFO [main] Log4j:14 - password :Asdf@12345
2023-08-22 11:56:06,148  INFO [main] Log4j:14 - url :https://playexchwin.com/
2023-08-22 11:56:46,742  INFO [main] Log4j:14 - username :playertest3
2023-08-22 11:56:46,744  INFO [main] Log4j:14 - password :Password@486
2023-08-22 12:03:58,907  INFO [main] Log4j:14 - url :https://playexchwin.com/
2023-08-22 12:04:39,447  INFO [main] Log4j:14 - username :playertest3
2023-08-22 12:04:39,449  INFO [main] Log4j:14 - password :Password@486
2023-08-23 11:02:12,795  INFO [main] Log4j:14 - url :https://playexch.co/
2023-08-23 11:02:53,485  INFO [main] Log4j:14 - username :wohl1234
2023-08-23 11:02:53,487  INFO [main] Log4j:14 - password :Password@854
2023-08-25 11:04:07,783  INFO [main] Log4j:14 - url :https://playexch.co/
2023-08-25 11:04:48,598  INFO [main] Log4j:14 - username :wohl1234
2023-08-25 11:04:48,600  INFO [main] Log4j:14 - password :Password@857
2023-09-04 13:22:44,226  INFO [main] Log4j:14 - url :https://playexch.co/
2023-09-04 13:23:25,149  INFO [main] Log4j:14 - username :wohl1234
2023-09-04 13:23:25,151  INFO [main] Log4j:14 - password :Password@857
2023-09-05 15:05:59,519  INFO [main] Log4j:14 - url :https://playexch.co/
2023-09-05 15:06:40,267  INFO [main] Log4j:14 - username :wohl1234
2023-09-05 15:06:40,268  INFO [main] Log4j:14 - password :Password@869
2023-09-06 14:21:50,311  INFO [main] Log4j:14 - url :https://playexch.co/
2023-09-06 14:22:30,869  INFO [main] Log4j:14 - username :wohl1234
2023-09-06 14:22:30,871  INFO [main] Log4j:14 - password :Password@390
2023-09-07 14:23:45,760  INFO [main] Log4j:14 - url :https://playexch.co/
2023-09-07 14:24:26,631  INFO [main] Log4j:14 - username :wohl1234
2023-09-07 14:24:26,633  INFO [main] Log4j:14 - password :Password@262
2023-09-12 12:33:45,787  INFO [main] Log4j:14 - url :https://playexch.co/
2023-09-12 12:34:26,870  INFO [main] Log4j:14 - username :wohl1234
2023-09-12 12:34:26,872  INFO [main] Log4j:14 - password :Password@457
2023-09-13 17:03:32,966  INFO [main] Log4j:14 - url :https://playexch.co/
2023-09-13 17:04:14,415  INFO [main] Log4j:14 - username :wohl1234
2023-09-13 17:04:14,416  INFO [main] Log4j:14 - password :Password@457
2023-09-14 15:56:43,997  INFO [main] Log4j:14 - url :https://winner7.co.in/
2023-09-14 15:57:24,615  INFO [main] Log4j:14 - username :wohl1234
2023-09-14 15:57:24,618  INFO [main] Log4j:14 - password :Password@211
2023-09-14 15:58:36,938  INFO [main] Log4j:14 - url :https://winner7.co.in/
2023-09-14 15:59:17,615  INFO [main] Log4j:14 - username :wohl1234
2023-09-14 15:59:17,617  INFO [main] Log4j:14 - password :Password@211
2023-09-15 13:17:54,303  INFO [main] Log4j:14 - url :https://playtowin.club/
2023-09-15 13:18:33,769  INFO [main] Log4j:14 - username :playerInr1
2023-09-15 13:18:33,771  INFO [main] Log4j:14 - password :Password@123
2023-09-20 16:29:48,209  INFO [main] Log4j:14 - url :https://playtowin.club/
2023-09-20 16:30:27,683  INFO [main] Log4j:14 - username :playerInr1
2023-09-20 16:30:27,687  INFO [main] Log4j:14 - password :Password@123
